<?xml version="1.0" encoding="UTF-8"?>
<!-- Generated by org.testng.reporters.JUnitReportReporter -->
<testsuite hostname="MacBook-Pro-de-Pablo.local" failures="0" tests="1" name="Asset" time="14.072" errors="0" timestamp="2022-10-14T23:43:42 ART" skipped="0">
  <testcase classname="Asset" name="getAsset" time="14.072"/>
  <system-out/>
</testsuite> <!-- Asset -->
