<?xml version="1.0" encoding="UTF-8"?>
<!-- Generated by org.testng.reporters.JUnitReportReporter -->
<testsuite hostname="MacBook-Pro-de-Pablo.local" failures="0" tests="1" name="GetDailyOHLCV" time="0.491" errors="0" timestamp="2022-10-14T23:43:42 ART" skipped="0">
  <testcase classname="GetDailyOHLCV" name="getDailyOHLCV" time="0.491"/>
  <system-out/>
</testsuite> <!-- GetDailyOHLCV -->
